-------------------------------------------------------------------------------
Test set: com.twoDB.flowable.FlowTwoDbApplicationTests
-------------------------------------------------------------------------------
Tests run: 1, Failures: 0, Errors: 1, Skipped: 0, Time elapsed: 10.076 s <<< FAILURE! - in com.twoDB.flowable.FlowTwoDbApplicationTests
contextLoads  Time elapsed: 0.017 s  <<< ERROR!
java.lang.IllegalStateException: Failed to load ApplicationContext
Caused by: org.springframework.beans.factory.UnsatisfiedDependencyException: Error creating bean with name 'appRepositoryServiceBean' defined in class path resource [org/flowable/spring/boot/app/AppEngineServicesAutoConfiguration.class]: Unsatisfied dependency expressed through method 'appRepositoryServiceBean' parameter 0; nested exception is org.springframework.beans.factory.BeanCreationException: Error creating bean with name 'flowableAppEngine': FactoryBean threw exception on object creation; nested exception is org.flowable.common.engine.api.FlowableException: Error initialising dmn data model
Caused by: org.springframework.beans.factory.BeanCreationException: Error creating bean with name 'flowableAppEngine': FactoryBean threw exception on object creation; nested exception is org.flowable.common.engine.api.FlowableException: Error initialising dmn data model
Caused by: org.flowable.common.engine.api.FlowableException: Error initialising dmn data model
Caused by: liquibase.exception.LiquibaseException: 
liquibase.exception.MigrationFailedException: Migration failed for change set org/flowable/dmn/db/liquibase/flowable-dmn-db-changelog.xml::6::flowable:
     Reason: liquibase.exception.DatabaseException: Specified key was too long; max key length is 1000 bytes [Failed SQL: (1071) CREATE UNIQUE INDEX ACT_IDX_DEC_TBL_UNIQ ON flowable.ACT_DMN_DECISION_TABLE(KEY_, VERSION_, TENANT_ID_)]
Caused by: liquibase.exception.MigrationFailedException: 
Migration failed for change set org/flowable/dmn/db/liquibase/flowable-dmn-db-changelog.xml::6::flowable:
     Reason: liquibase.exception.DatabaseException: Specified key was too long; max key length is 1000 bytes [Failed SQL: (1071) CREATE UNIQUE INDEX ACT_IDX_DEC_TBL_UNIQ ON flowable.ACT_DMN_DECISION_TABLE(KEY_, VERSION_, TENANT_ID_)]
Caused by: liquibase.exception.DatabaseException: Specified key was too long; max key length is 1000 bytes [Failed SQL: (1071) CREATE UNIQUE INDEX ACT_IDX_DEC_TBL_UNIQ ON flowable.ACT_DMN_DECISION_TABLE(KEY_, VERSION_, TENANT_ID_)]
Caused by: java.sql.SQLSyntaxErrorException: Specified key was too long; max key length is 1000 bytes

