<?xml version="1.0" encoding="UTF-8"?>
<testsuite xmlns:xsi="http://www.w3.org/2001/XMLSchema-instance" xsi:noNamespaceSchemaLocation="https://maven.apache.org/surefire/maven-surefire-plugin/xsd/surefire-test-report.xsd" name="com.twoDB.flowable.FlowTwoDbApplicationTests" time="10.076" tests="1" errors="1" skipped="0" failures="0">
  <properties>
[...]
</properties>
  <testcase name="contextLoads" classname="com.twoDB.flowable.FlowTwoDbApplicationTests" time="0.017">
    <error message="Failed to load ApplicationContext" type="java.lang.IllegalStateException">java.lang.IllegalStateException: Failed to load ApplicationContext
Caused by: org.springframework.beans.factory.UnsatisfiedDependencyException: Error creating bean with name 'appRepositoryServiceBean' defined in class path resource [org/flowable/spring/boot/app/AppEngineServicesAutoConfiguration.class]: Unsatisfied dependency expressed through method 'appRepositoryServiceBean' parameter 0; nested exception is org.springframework.beans.factory.BeanCreationException: Error creating bean with name 'flowableAppEngine': FactoryBean threw exception on object creation; nested exception is org.flowable.common.engine.api.FlowableException: Error initialising dmn data model
Caused by: org.springframework.beans.factory.BeanCreationException: Error creating bean with name 'flowableAppEngine': FactoryBean threw exception on object creation; nested exception is org.flowable.common.engine.api.FlowableException: Error initialising dmn data model
Caused by: org.flowable.common.engine.api.FlowableException: Error initialising dmn data model
Caused by: liquibase.exception.LiquibaseException: 
liquibase.exception.MigrationFailedException: Migration failed for change set org/flowable/dmn/db/liquibase/flowable-dmn-db-changelog.xml::6::flowable:
     Reason: liquibase.exception.DatabaseException: Specified key was too long; max key length is 1000 bytes [Failed SQL: (1071) CREATE UNIQUE INDEX ACT_IDX_DEC_TBL_UNIQ ON flowable.ACT_DMN_DECISION_TABLE(KEY_, VERSION_, TENANT_ID_)]
Caused by: liquibase.exception.MigrationFailedException: 
Migration failed for change set org/flowable/dmn/db/liquibase/flowable-dmn-db-changelog.xml::6::flowable:
     Reason: liquibase.exception.DatabaseException: Specified key was too long; max key length is 1000 bytes [Failed SQL: (1071) CREATE UNIQUE INDEX ACT_IDX_DEC_TBL_UNIQ ON flowable.ACT_DMN_DECISION_TABLE(KEY_, VERSION_, TENANT_ID_)]
Caused by: liquibase.exception.DatabaseException: Specified key was too long; max key length is 1000 bytes [Failed SQL: (1071) CREATE UNIQUE INDEX ACT_IDX_DEC_TBL_UNIQ ON flowable.ACT_DMN_DECISION_TABLE(KEY_, VERSION_, TENANT_ID_)]
Caused by: java.sql.SQLSyntaxErrorException: Specified key was too long; max key length is 1000 bytes
</error>
    <system-out><![CDATA[15:48:28.518 [main] DEBUG org.springframework.test.context.BootstrapUtils - Instantiating CacheAwareContextLoaderDelegate from class [org.springframework.test.context.cache.DefaultCacheAwareContextLoaderDelegate]
15:48:28.529 [main] DEBUG org.springframework.test.context.BootstrapUtils - Instantiating BootstrapContext using constructor [public org.springframework.test.context.support.DefaultBootstrapContext(java.lang.Class,org.springframework.test.context.CacheAwareContextLoaderDelegate)]
15:48:28.578 [main] DEBUG org.springframework.test.context.BootstrapUtils - Instantiating TestContextBootstrapper for test class [com.twoDB.flowable.FlowTwoDbApplicationTests] from class [org.springframework.boot.test.context.SpringBootTestContextBootstrapper]
15:48:28.610 [main] INFO org.springframework.boot.test.context.SpringBootTestContextBootstrapper - Neither @ContextConfiguration nor @ContextHierarchy found for test class [com.twoDB.flowable.FlowTwoDbApplicationTests], using SpringBootContextLoader
15:48:28.618 [main] DEBUG org.springframework.test.context.support.AbstractContextLoader - Did not detect default resource location for test class [com.twoDB.flowable.FlowTwoDbApplicationTests]: class path resource [com/twoDB/flowable/FlowTwoDbApplicationTests-context.xml] does not exist
15:48:28.618 [main] DEBUG org.springframework.test.context.support.AbstractContextLoader - Did not detect default resource location for test class [com.twoDB.flowable.FlowTwoDbApplicationTests]: class path resource [com/twoDB/flowable/FlowTwoDbApplicationTestsContext.groovy] does not exist
15:48:28.618 [main] INFO org.springframework.test.context.support.AbstractContextLoader - Could not detect default resource locations for test class [com.twoDB.flowable.FlowTwoDbApplicationTests]: no resource found for suffixes {-context.xml, Context.groovy}.
15:48:28.619 [main] INFO org.springframework.test.context.support.AnnotationConfigContextLoaderUtils - Could not detect default configuration classes for test class [com.twoDB.flowable.FlowTwoDbApplicationTests]: FlowTwoDbApplicationTests does not declare any static, non-private, non-final, nested classes annotated with @Configuration.
15:48:28.688 [main] DEBUG org.springframework.test.context.support.ActiveProfilesUtils - Could not find an 'annotation declaring class' for annotation type [org.springframework.test.context.ActiveProfiles] and class [com.twoDB.flowable.FlowTwoDbApplicationTests]
15:48:28.764 [main] DEBUG org.springframework.context.annotation.ClassPathScanningCandidateComponentProvider - Identified candidate component class: file [C:\Users\Alaa\eclipse-workspace\flowTwoDB\target\classes\com\twoDB\flowable\FlowTwoDbApplication.class]
15:48:28.766 [main] INFO org.springframework.boot.test.context.SpringBootTestContextBootstrapper - Found @SpringBootConfiguration com.twoDB.flowable.FlowTwoDbApplication for test class com.twoDB.flowable.FlowTwoDbApplicationTests
15:48:28.912 [main] DEBUG org.springframework.boot.test.context.SpringBootTestContextBootstrapper - @TestExecutionListeners is not present for class [com.twoDB.flowable.FlowTwoDbApplicationTests]: using defaults.
15:48:28.912 [main] INFO org.springframework.boot.test.context.SpringBootTestContextBootstrapper - Loaded default TestExecutionListener class names from location [META-INF/spring.factories]: [org.springframework.boot.test.mock.mockito.MockitoTestExecutionListener, org.springframework.boot.test.mock.mockito.ResetMocksTestExecutionListener, org.springframework.boot.test.autoconfigure.restdocs.RestDocsTestExecutionListener, org.springframework.boot.test.autoconfigure.web.client.MockRestServiceServerResetTestExecutionListener, org.springframework.boot.test.autoconfigure.web.servlet.MockMvcPrintOnlyOnFailureTestExecutionListener, org.springframework.boot.test.autoconfigure.web.servlet.WebDriverTestExecutionListener, org.springframework.boot.test.autoconfigure.webservices.client.MockWebServiceServerTestExecutionListener, org.springframework.test.context.web.ServletTestExecutionListener, org.springframework.test.context.support.DirtiesContextBeforeModesTestExecutionListener, org.springframework.test.context.event.ApplicationEventsTestExecutionListener, org.springframework.test.context.support.DependencyInjectionTestExecutionListener, org.springframework.test.context.support.DirtiesContextTestExecutionListener, org.springframework.test.context.transaction.TransactionalTestExecutionListener, org.springframework.test.context.jdbc.SqlScriptsTestExecutionListener, org.springframework.test.context.event.EventPublishingTestExecutionListener]
15:48:28.937 [main] INFO org.springframework.boot.test.context.SpringBootTestContextBootstrapper - Using TestExecutionListeners: [org.springframework.test.context.web.ServletTestExecutionListener@40499e4f, org.springframework.test.context.support.DirtiesContextBeforeModesTestExecutionListener@51cd7ffc, org.springframework.test.context.event.ApplicationEventsTestExecutionListener@30d4b288, org.springframework.boot.test.mock.mockito.MockitoTestExecutionListener@4cc6fa2a, org.springframework.boot.test.autoconfigure.SpringBootDependencyInjectionTestExecutionListener@40f1be1b, org.springframework.test.context.support.DirtiesContextTestExecutionListener@7a791b66, org.springframework.test.context.transaction.TransactionalTestExecutionListener@6f2cb653, org.springframework.test.context.jdbc.SqlScriptsTestExecutionListener@14c01636, org.springframework.test.context.event.EventPublishingTestExecutionListener@590c73d3, org.springframework.boot.test.mock.mockito.ResetMocksTestExecutionListener@6b9ce1bf, org.springframework.boot.test.autoconfigure.restdocs.RestDocsTestExecutionListener@61884cb1, org.springframework.boot.test.autoconfigure.web.client.MockRestServiceServerResetTestExecutionListener@75ed9710, org.springframework.boot.test.autoconfigure.web.servlet.MockMvcPrintOnlyOnFailureTestExecutionListener@4fc5e095, org.springframework.boot.test.autoconfigure.web.servlet.WebDriverTestExecutionListener@435871cb, org.springframework.boot.test.autoconfigure.webservices.client.MockWebServiceServerTestExecutionListener@609640d5]
15:48:28.942 [main] DEBUG org.springframework.test.context.support.AbstractDirtiesContextTestExecutionListener - Before test class: context [DefaultTestContext@618c5d94 testClass = FlowTwoDbApplicationTests, testInstance = [null], testMethod = [null], testException = [null], mergedContextConfiguration = [WebMergedContextConfiguration@5b40ceb testClass = FlowTwoDbApplicationTests, locations = '{}', classes = '{class com.twoDB.flowable.FlowTwoDbApplication}', contextInitializerClasses = '[]', activeProfiles = '{}', propertySourceLocations = '{}', propertySourceProperties = '{org.springframework.boot.test.context.SpringBootTestContextBootstrapper=true}', contextCustomizers = set[org.springframework.boot.test.context.filter.ExcludeFilterContextCustomizer@6d7fc27, org.springframework.boot.test.json.DuplicateJsonObjectContextCustomizerFactory$DuplicateJsonObjectContextCustomizer@518caac3, org.springframework.boot.test.mock.mockito.MockitoContextCustomizer@0, org.springframework.boot.test.web.client.TestRestTemplateContextCustomizer@125290e5, org.springframework.boot.test.autoconfigure.actuate.metrics.MetricsExportContextCustomizerFactory$DisableMetricExportContextCustomizer@1d483de4, org.springframework.boot.test.autoconfigure.properties.PropertyMappingContextCustomizer@0, org.springframework.boot.test.autoconfigure.web.servlet.WebDriverContextCustomizerFactory$Customizer@19e7a160, org.springframework.boot.test.context.SpringBootTestArgs@1, org.springframework.boot.test.context.SpringBootTestWebEnvironment@74fe5c40], resourceBasePath = 'src/main/webapp', contextLoader = 'org.springframework.boot.test.context.SpringBootContextLoader', parent = [null]], attributes = map['org.springframework.test.context.web.ServletTestExecutionListener.activateListener' -> true]], class annotated with @DirtiesContext [false] with mode [null].

  .   ____          _            __ _ _
 /\\ / ___'_ __ _ _(_)_ __  __ _ \ \ \ \
( ( )\___ | '_ | '_| | '_ \/ _` | \ \ \ \
 \\/  ___)| |_)| | | | | || (_| |  ) ) ) )
  '  |____| .__|_| |_|_| |_\__, | / / / /
 =========|_|==============|___/=/_/_/_/
 :: Spring Boot ::               (v2.6.10)

2022-08-02 15:48:29.400  INFO 23256 --- [           main] c.t.flowable.FlowTwoDbApplicationTests   : Starting FlowTwoDbApplicationTests using Java 17.0.3 on AlaaBenFradj with PID 23256 (started by Alaa in C:\Users\Alaa\eclipse-workspace\flowTwoDB)
2022-08-02 15:48:29.402  INFO 23256 --- [           main] c.t.flowable.FlowTwoDbApplicationTests   : No active profile set, falling back to 1 default profile: "default"
2022-08-02 15:48:30.375  INFO 23256 --- [           main] .s.d.r.c.RepositoryConfigurationDelegate : Bootstrapping Spring Data JPA repositories in DEFAULT mode.
2022-08-02 15:48:30.396  INFO 23256 --- [           main] .s.d.r.c.RepositoryConfigurationDelegate : Finished Spring Data repository scanning in 9 ms. Found 0 JPA repository interfaces.
2022-08-02 15:48:31.455  INFO 23256 --- [           main] o.hibernate.jpa.internal.util.LogHelper  : HHH000204: Processing PersistenceUnitInfo [name: default]
2022-08-02 15:48:31.537  INFO 23256 --- [           main] org.hibernate.Version                    : HHH000412: Hibernate ORM core version 5.6.10.Final
2022-08-02 15:48:31.778  INFO 23256 --- [           main] o.hibernate.annotations.common.Version   : HCANN000001: Hibernate Commons Annotations {5.1.2.Final}
2022-08-02 15:48:32.050  INFO 23256 --- [           main] com.zaxxer.hikari.HikariDataSource       : HikariPool-1 - Starting...
2022-08-02 15:48:32.353  INFO 23256 --- [           main] com.zaxxer.hikari.HikariDataSource       : HikariPool-1 - Start completed.
2022-08-02 15:48:32.372  INFO 23256 --- [           main] org.hibernate.dialect.Dialect            : HHH000400: Using dialect: org.hibernate.dialect.MySQL5Dialect
2022-08-02 15:48:32.857  INFO 23256 --- [           main] o.h.e.t.j.p.i.JtaPlatformInitiator       : HHH000490: Using JtaPlatform implementation: [org.hibernate.engine.transaction.jta.platform.internal.NoJtaPlatform]
2022-08-02 15:48:32.872  INFO 23256 --- [           main] j.LocalContainerEntityManagerFactoryBean : Initialized JPA EntityManagerFactory for persistence unit 'default'
2022-08-02 15:48:33.304  WARN 23256 --- [           main] JpaBaseConfiguration$JpaWebConfiguration : spring.jpa.open-in-view is enabled by default. Therefore, database queries may be performed during view rendering. Explicitly configure spring.jpa.open-in-view to disable this warning
2022-08-02 15:48:34.112  INFO 23256 --- [           main] uration$$EnhancerBySpringCGLIB$$fcefa53b : No deployment resources were found for autodeployment
2022-08-02 15:48:34.418  INFO 23256 --- [           main] uration$$EnhancerBySpringCGLIB$$250cece0 : No deployment resources were found for autodeployment
2022-08-02 15:48:34.683  INFO 23256 --- [           main] uration$$EnhancerBySpringCGLIB$$4d86ad81 : No deployment resources were found for autodeployment
2022-08-02 15:48:34.876  INFO 23256 --- [           main] uration$$EnhancerBySpringCGLIB$$a507ef73 : No deployment resources were found for autodeployment
2022-08-02 15:48:34.956  INFO 23256 --- [           main] uration$$EnhancerBySpringCGLIB$$e92d69e1 : No deployment resources were found for autodeployment
2022-08-02 15:48:35.035  INFO 23256 --- [           main] o.f.a.s.SpringAppEngineConfiguration     : Found 6 Engine Configurators in total:
2022-08-02 15:48:35.036  INFO 23256 --- [           main] o.f.a.s.SpringAppEngineConfiguration     : class org.flowable.engine.spring.configurator.SpringProcessEngineConfigurator (priority:50000)
2022-08-02 15:48:35.036  INFO 23256 --- [           main] o.f.a.s.SpringAppEngineConfiguration     : class org.flowable.idm.spring.configurator.SpringIdmEngineConfigurator (priority:100000)
2022-08-02 15:48:35.036  INFO 23256 --- [           main] o.f.a.s.SpringAppEngineConfiguration     : class org.flowable.dmn.spring.configurator.SpringDmnEngineConfigurator (priority:200000)
2022-08-02 15:48:35.036  INFO 23256 --- [           main] o.f.a.s.SpringAppEngineConfiguration     : class org.flowable.form.spring.configurator.SpringFormEngineConfigurator (priority:300000)
2022-08-02 15:48:35.036  INFO 23256 --- [           main] o.f.a.s.SpringAppEngineConfiguration     : class org.flowable.content.spring.configurator.SpringContentEngineConfigurator (priority:400000)
2022-08-02 15:48:35.036  INFO 23256 --- [           main] o.f.a.s.SpringAppEngineConfiguration     : class org.flowable.cmmn.spring.configurator.SpringCmmnEngineConfigurator (priority:500000)
2022-08-02 15:48:35.036  INFO 23256 --- [           main] o.f.a.s.SpringAppEngineConfiguration     : Executing beforeInit() of class org.flowable.engine.spring.configurator.SpringProcessEngineConfigurator (priority:50000)
2022-08-02 15:48:35.117  INFO 23256 --- [           main] o.f.a.s.SpringAppEngineConfiguration     : Executing beforeInit() of class org.flowable.idm.spring.configurator.SpringIdmEngineConfigurator (priority:100000)
2022-08-02 15:48:35.121  INFO 23256 --- [           main] o.f.a.s.SpringAppEngineConfiguration     : Executing beforeInit() of class org.flowable.dmn.spring.configurator.SpringDmnEngineConfigurator (priority:200000)
2022-08-02 15:48:35.127  INFO 23256 --- [           main] o.f.a.s.SpringAppEngineConfiguration     : Executing beforeInit() of class org.flowable.form.spring.configurator.SpringFormEngineConfigurator (priority:300000)
2022-08-02 15:48:35.135  INFO 23256 --- [           main] o.f.a.s.SpringAppEngineConfiguration     : Executing beforeInit() of class org.flowable.content.spring.configurator.SpringContentEngineConfigurator (priority:400000)
2022-08-02 15:48:35.139  INFO 23256 --- [           main] o.f.a.s.SpringAppEngineConfiguration     : Executing beforeInit() of class org.flowable.cmmn.spring.configurator.SpringCmmnEngineConfigurator (priority:500000)
2022-08-02 15:48:36.674  INFO 23256 --- [           main] o.f.a.s.SpringAppEngineConfiguration     : Executing configure() of class org.flowable.engine.spring.configurator.SpringProcessEngineConfigurator (priority:50000)
2022-08-02 15:48:37.034  INFO 23256 --- [           main] o.f.engine.impl.ProcessEngineImpl        : ProcessEngine default created
2022-08-02 15:48:37.041  INFO 23256 --- [           main] o.f.j.s.i.a.AbstractAsyncExecutor        : Starting up the async job executor [org.flowable.spring.job.service.SpringAsyncExecutor].
2022-08-02 15:48:37.042  INFO 23256 --- [       Thread-2] o.f.j.s.i.a.AcquireAsyncJobsDueRunnable  : starting to acquire async jobs due
2022-08-02 15:48:37.042  INFO 23256 --- [       Thread-3] o.f.j.s.i.a.AcquireTimerJobsRunnable     : starting to acquire async jobs due
2022-08-02 15:48:37.042  INFO 23256 --- [       Thread-4] o.f.j.s.i.a.ResetExpiredJobsRunnable     : starting to reset expired jobs
2022-08-02 15:48:37.090  INFO 23256 --- [           main] o.f.e.impl.cmd.ValidateV5EntitiesCmd     : Total of v5 deployments found: 0
2022-08-02 15:48:37.099  INFO 23256 --- [           main] o.f.a.s.SpringAppEngineConfiguration     : Executing configure() of class org.flowable.idm.spring.configurator.SpringIdmEngineConfigurator (priority:100000)
2022-08-02 15:48:37.143  INFO 23256 --- [           main] o.f.idm.engine.impl.IdmEngineImpl        : IdmEngine default created
2022-08-02 15:48:37.144  INFO 23256 --- [           main] o.f.a.s.SpringAppEngineConfiguration     : Executing configure() of class org.flowable.dmn.spring.configurator.SpringDmnEngineConfigurator (priority:200000)
2022-08-02 15:48:37.649  INFO 23256 --- [           main] liquibase.lockservice                    : Successfully acquired change log lock
2022-08-02 15:48:38.260  INFO 23256 --- [           main] liquibase.changelog                      : Reading from flowable.ACT_DMN_DATABASECHANGELOG
2022-08-02 15:48:38.418  INFO 23256 --- [           main] liquibase.lockservice                    : Successfully released change log lock
2022-08-02 15:48:38.422  WARN 23256 --- [           main] o.s.w.c.s.GenericWebApplicationContext   : Exception encountered during context initialization - cancelling refresh attempt: org.springframework.beans.factory.UnsatisfiedDependencyException: Error creating bean with name 'appRepositoryServiceBean' defined in class path resource [org/flowable/spring/boot/app/AppEngineServicesAutoConfiguration.class]: Unsatisfied dependency expressed through method 'appRepositoryServiceBean' parameter 0; nested exception is org.springframework.beans.factory.BeanCreationException: Error creating bean with name 'flowableAppEngine': FactoryBean threw exception on object creation; nested exception is org.flowable.common.engine.api.FlowableException: Error initialising dmn data model
2022-08-02 15:48:38.425  INFO 23256 --- [           main] o.f.j.s.i.a.AbstractAsyncExecutor        : Shutting down the async job executor [org.flowable.spring.job.service.SpringAsyncExecutor].
2022-08-02 15:48:38.425  INFO 23256 --- [uire-timer-jobs] o.f.j.s.i.a.AcquireTimerJobsRunnable     : stopped async job due acquisition
2022-08-02 15:48:38.425  INFO 23256 --- [et-expired-jobs] o.f.j.s.i.a.ResetExpiredJobsRunnable     : stopped resetting expired jobs
2022-08-02 15:48:38.425  INFO 23256 --- [uire-async-jobs] o.f.j.s.i.a.AcquireAsyncJobsDueRunnable  : stopped async job due acquisition
2022-08-02 15:48:38.426  INFO 23256 --- [           main] j.LocalContainerEntityManagerFactoryBean : Closing JPA EntityManagerFactory for persistence unit 'default'
2022-08-02 15:48:38.431  INFO 23256 --- [           main] com.zaxxer.hikari.HikariDataSource       : HikariPool-1 - Shutdown initiated...
2022-08-02 15:48:38.448  INFO 23256 --- [           main] com.zaxxer.hikari.HikariDataSource       : HikariPool-1 - Shutdown completed.
2022-08-02 15:48:38.462  INFO 23256 --- [           main] ConditionEvaluationReportLoggingListener : 

Error starting ApplicationContext. To display the conditions report re-run your application with 'debug' enabled.
2022-08-02 15:48:38.510 ERROR 23256 --- [           main] o.s.boot.SpringApplication               : Application run failed

org.springframework.beans.factory.UnsatisfiedDependencyException: Error creating bean with name 'appRepositoryServiceBean' defined in class path resource [org/flowable/spring/boot/app/AppEngineServicesAutoConfiguration.class]: Unsatisfied dependency expressed through method 'appRepositoryServiceBean' parameter 0; nested exception is org.springframework.beans.factory.BeanCreationException: Error creating bean with name 'flowableAppEngine': FactoryBean threw exception on object creation; nested exception is org.flowable.common.engine.api.FlowableException: Error initialising dmn data model
	at org.springframework.beans.factory.support.ConstructorResolver.createArgumentArray(ConstructorResolver.java:800) ~[spring-beans-5.3.22.jar:5.3.22]
	at org.springframework.beans.factory.support.ConstructorResolver.instantiateUsingFactoryMethod(ConstructorResolver.java:541) ~[spring-beans-5.3.22.jar:5.3.22]
	at org.springframework.beans.factory.support.AbstractAutowireCapableBeanFactory.instantiateUsingFactoryMethod(AbstractAutowireCapableBeanFactory.java:1352) ~[spring-beans-5.3.22.jar:5.3.22]
	at org.springframework.beans.factory.support.AbstractAutowireCapableBeanFactory.createBeanInstance(AbstractAutowireCapableBeanFactory.java:1195) ~[spring-beans-5.3.22.jar:5.3.22]
	at org.springframework.beans.factory.support.AbstractAutowireCapableBeanFactory.doCreateBean(AbstractAutowireCapableBeanFactory.java:582) ~[spring-beans-5.3.22.jar:5.3.22]
	at org.springframework.beans.factory.support.AbstractAutowireCapableBeanFactory.createBean(AbstractAutowireCapableBeanFactory.java:542) ~[spring-beans-5.3.22.jar:5.3.22]
	at org.springframework.beans.factory.support.AbstractBeanFactory.lambda$doGetBean$0(AbstractBeanFactory.java:335) ~[spring-beans-5.3.22.jar:5.3.22]
	at org.springframework.beans.factory.support.DefaultSingletonBeanRegistry.getSingleton(DefaultSingletonBeanRegistry.java:234) ~[spring-beans-5.3.22.jar:5.3.22]
	at org.springframework.beans.factory.support.AbstractBeanFactory.doGetBean(AbstractBeanFactory.java:333) ~[spring-beans-5.3.22.jar:5.3.22]
	at org.springframework.beans.factory.support.AbstractBeanFactory.getBean(AbstractBeanFactory.java:208) ~[spring-beans-5.3.22.jar:5.3.22]
	at org.springframework.beans.factory.support.DefaultListableBeanFactory.preInstantiateSingletons(DefaultListableBeanFactory.java:955) ~[spring-beans-5.3.22.jar:5.3.22]
	at org.springframework.context.support.AbstractApplicationContext.finishBeanFactoryInitialization(AbstractApplicationContext.java:918) ~[spring-context-5.3.22.jar:5.3.22]
	at org.springframework.context.support.AbstractApplicationContext.refresh(AbstractApplicationContext.java:583) ~[spring-context-5.3.22.jar:5.3.22]
	at org.springframework.boot.SpringApplication.refresh(SpringApplication.java:745) ~[spring-boot-2.6.10.jar:2.6.10]
	at org.springframework.boot.SpringApplication.refreshContext(SpringApplication.java:420) ~[spring-boot-2.6.10.jar:2.6.10]
	at org.springframework.boot.SpringApplication.run(SpringApplication.java:307) ~[spring-boot-2.6.10.jar:2.6.10]
	at org.springframework.boot.test.context.SpringBootContextLoader.loadContext(SpringBootContextLoader.java:144) ~[spring-boot-test-2.6.10.jar:2.6.10]
	at org.springframework.test.context.cache.DefaultCacheAwareContextLoaderDelegate.loadContextInternal(DefaultCacheAwareContextLoaderDelegate.java:99) ~[spring-test-5.3.22.jar:5.3.22]
	at org.springframework.test.context.cache.DefaultCacheAwareContextLoaderDelegate.loadContext(DefaultCacheAwareContextLoaderDelegate.java:124) ~[spring-test-5.3.22.jar:5.3.22]
	at org.springframework.test.context.support.DefaultTestContext.getApplicationContext(DefaultTestContext.java:124) ~[spring-test-5.3.22.jar:5.3.22]
	at org.springframework.test.context.web.ServletTestExecutionListener.setUpRequestContextIfNecessary(ServletTestExecutionListener.java:190) ~[spring-test-5.3.22.jar:5.3.22]
	at org.springframework.test.context.web.ServletTestExecutionListener.prepareTestInstance(ServletTestExecutionListener.java:132) ~[spring-test-5.3.22.jar:5.3.22]
	at org.springframework.test.context.TestContextManager.prepareTestInstance(TestContextManager.java:248) ~[spring-test-5.3.22.jar:5.3.22]
	at org.springframework.test.context.junit.jupiter.SpringExtension.postProcessTestInstance(SpringExtension.java:138) ~[spring-test-5.3.22.jar:5.3.22]
	at org.junit.jupiter.engine.descriptor.ClassBasedTestDescriptor.lambda$invokeTestInstancePostProcessors$8(ClassBasedTestDescriptor.java:363) ~[junit-jupiter-engine-5.8.2.jar:5.8.2]
	at org.junit.jupiter.engine.descriptor.ClassBasedTestDescriptor.executeAndMaskThrowable(ClassBasedTestDescriptor.java:368) ~[junit-jupiter-engine-5.8.2.jar:5.8.2]
	at org.junit.jupiter.engine.descriptor.ClassBasedTestDescriptor.lambda$invokeTestInstancePostProcessors$9(ClassBasedTestDescriptor.java:363) ~[junit-jupiter-engine-5.8.2.jar:5.8.2]
	at java.base/java.util.stream.ReferencePipeline$3$1.accept(ReferencePipeline.java:197) ~[na:na]
	at java.base/java.util.stream.ReferencePipeline$2$1.accept(ReferencePipeline.java:179) ~[na:na]
	at java.base/java.util.ArrayList$ArrayListSpliterator.forEachRemaining(ArrayList.java:1625) ~[na:na]
	at java.base/java.util.stream.AbstractPipeline.copyInto(AbstractPipeline.java:509) ~[na:na]
	at java.base/java.util.stream.AbstractPipeline.wrapAndCopyInto(AbstractPipeline.java:499) ~[na:na]
	at java.base/java.util.stream.StreamSpliterators$WrappingSpliterator.forEachRemaining(StreamSpliterators.java:310) ~[na:na]
	at java.base/java.util.stream.Streams$ConcatSpliterator.forEachRemaining(Streams.java:735) ~[na:na]
	at java.base/java.util.stream.Streams$ConcatSpliterator.forEachRemaining(Streams.java:734) ~[na:na]
	at java.base/java.util.stream.ReferencePipeline$Head.forEach(ReferencePipeline.java:762) ~[na:na]
	at org.junit.jupiter.engine.descriptor.ClassBasedTestDescriptor.invokeTestInstancePostProcessors(ClassBasedTestDescriptor.java:362) ~[junit-jupiter-engine-5.8.2.jar:5.8.2]
	at org.junit.jupiter.engine.descriptor.ClassBasedTestDescriptor.lambda$instantiateAndPostProcessTestInstance$6(ClassBasedTestDescriptor.java:283) ~[junit-jupiter-engine-5.8.2.jar:5.8.2]
	at org.junit.platform.engine.support.hierarchical.ThrowableCollector.execute(ThrowableCollector.java:73) ~[junit-platform-engine-1.8.2.jar:1.8.2]
	at org.junit.jupiter.engine.descriptor.ClassBasedTestDescriptor.instantiateAndPostProcessTestInstance(ClassBasedTestDescriptor.java:282) ~[junit-jupiter-engine-5.8.2.jar:5.8.2]
	at org.junit.jupiter.engine.descriptor.ClassBasedTestDescriptor.lambda$testInstancesProvider$4(ClassBasedTestDescriptor.java:272) ~[junit-jupiter-engine-5.8.2.jar:5.8.2]
	at java.base/java.util.Optional.orElseGet(Optional.java:364) ~[na:na]
	at org.junit.jupiter.engine.descriptor.ClassBasedTestDescriptor.lambda$testInstancesProvider$5(ClassBasedTestDescriptor.java:271) ~[junit-jupiter-engine-5.8.2.jar:5.8.2]
	at org.junit.jupiter.engine.execution.TestInstancesProvider.getTestInstances(TestInstancesProvider.java:31) ~[junit-jupiter-engine-5.8.2.jar:5.8.2]
	at org.junit.jupiter.engine.descriptor.TestMethodTestDescriptor.lambda$prepare$0(TestMethodTestDescriptor.java:102) ~[junit-jupiter-engine-5.8.2.jar:5.8.2]
	at org.junit.platform.engine.support.hierarchical.ThrowableCollector.execute(ThrowableCollector.java:73) ~[junit-platform-engine-1.8.2.jar:1.8.2]
	at org.junit.jupiter.engine.descriptor.TestMethodTestDescriptor.prepare(TestMethodTestDescriptor.java:101) ~[junit-jupiter-engine-5.8.2.jar:5.8.2]
	at org.junit.jupiter.engine.descriptor.TestMethodTestDescriptor.prepare(TestMethodTestDescriptor.java:66) ~[junit-jupiter-engine-5.8.2.jar:5.8.2]
	at org.junit.platform.engine.support.hierarchical.NodeTestTask.lambda$prepare$2(NodeTestTask.java:123) ~[junit-platform-engine-1.8.2.jar:1.8.2]
	at org.junit.platform.engine.support.hierarchical.ThrowableCollector.execute(ThrowableCollector.java:73) ~[junit-platform-engine-1.8.2.jar:1.8.2]
	at org.junit.platform.engine.support.hierarchical.NodeTestTask.prepare(NodeTestTask.java:123) ~[junit-platform-engine-1.8.2.jar:1.8.2]
	at org.junit.platform.engine.support.hierarchical.NodeTestTask.execute(NodeTestTask.java:90) ~[junit-platform-engine-1.8.2.jar:1.8.2]
	at java.base/java.util.ArrayList.forEach(ArrayList.java:1511) ~[na:na]
	at org.junit.platform.engine.support.hierarchical.SameThreadHierarchicalTestExecutorService.invokeAll(SameThreadHierarchicalTestExecutorService.java:41) ~[junit-platform-engine-1.8.2.jar:1.8.2]
	at org.junit.platform.engine.support.hierarchical.NodeTestTask.lambda$executeRecursively$6(NodeTestTask.java:155) ~[junit-platform-engine-1.8.2.jar:1.8.2]
	at org.junit.platform.engine.support.hierarchical.ThrowableCollector.execute(ThrowableCollector.java:73) ~[junit-platform-engine-1.8.2.jar:1.8.2]
	at org.junit.platform.engine.support.hierarchical.NodeTestTask.lambda$executeRecursively$8(NodeTestTask.java:141) ~[junit-platform-engine-1.8.2.jar:1.8.2]
	at org.junit.platform.engine.support.hierarchical.Node.around(Node.java:137) ~[junit-platform-engine-1.8.2.jar:1.8.2]
	at org.junit.platform.engine.support.hierarchical.NodeTestTask.lambda$executeRecursively$9(NodeTestTask.java:139) ~[junit-platform-engine-1.8.2.jar:1.8.2]
	at org.junit.platform.engine.support.hierarchical.ThrowableCollector.execute(ThrowableCollector.java:73) ~[junit-platform-engine-1.8.2.jar:1.8.2]
	at org.junit.platform.engine.support.hierarchical.NodeTestTask.executeRecursively(NodeTestTask.java:138) ~[junit-platform-engine-1.8.2.jar:1.8.2]
	at org.junit.platform.engine.support.hierarchical.NodeTestTask.execute(NodeTestTask.java:95) ~[junit-platform-engine-1.8.2.jar:1.8.2]
	at java.base/java.util.ArrayList.forEach(ArrayList.java:1511) ~[na:na]
	at org.junit.platform.engine.support.hierarchical.SameThreadHierarchicalTestExecutorService.invokeAll(SameThreadHierarchicalTestExecutorService.java:41) ~[junit-platform-engine-1.8.2.jar:1.8.2]
	at org.junit.platform.engine.support.hierarchical.NodeTestTask.lambda$executeRecursively$6(NodeTestTask.java:155) ~[junit-platform-engine-1.8.2.jar:1.8.2]
	at org.junit.platform.engine.support.hierarchical.ThrowableCollector.execute(ThrowableCollector.java:73) ~[junit-platform-engine-1.8.2.jar:1.8.2]
	at org.junit.platform.engine.support.hierarchical.NodeTestTask.lambda$executeRecursively$8(NodeTestTask.java:141) ~[junit-platform-engine-1.8.2.jar:1.8.2]
	at org.junit.platform.engine.support.hierarchical.Node.around(Node.java:137) ~[junit-platform-engine-1.8.2.jar:1.8.2]
	at org.junit.platform.engine.support.hierarchical.NodeTestTask.lambda$executeRecursively$9(NodeTestTask.java:139) ~[junit-platform-engine-1.8.2.jar:1.8.2]
	at org.junit.platform.engine.support.hierarchical.ThrowableCollector.execute(ThrowableCollector.java:73) ~[junit-platform-engine-1.8.2.jar:1.8.2]
	at org.junit.platform.engine.support.hierarchical.NodeTestTask.executeRecursively(NodeTestTask.java:138) ~[junit-platform-engine-1.8.2.jar:1.8.2]
	at org.junit.platform.engine.support.hierarchical.NodeTestTask.execute(NodeTestTask.java:95) ~[junit-platform-engine-1.8.2.jar:1.8.2]
	at org.junit.platform.engine.support.hierarchical.SameThreadHierarchicalTestExecutorService.submit(SameThreadHierarchicalTestExecutorService.java:35) ~[junit-platform-engine-1.8.2.jar:1.8.2]
	at org.junit.platform.engine.support.hierarchical.HierarchicalTestExecutor.execute(HierarchicalTestExecutor.java:57) ~[junit-platform-engine-1.8.2.jar:1.8.2]
	at org.junit.platform.engine.support.hierarchical.HierarchicalTestEngine.execute(HierarchicalTestEngine.java:54) ~[junit-platform-engine-1.8.2.jar:1.8.2]
	at org.junit.platform.launcher.core.DefaultLauncher.execute(DefaultLauncher.java:220) ~[junit-platform-launcher-1.3.1.jar:1.3.1]
	at org.junit.platform.launcher.core.DefaultLauncher.lambda$execute$6(DefaultLauncher.java:188) ~[junit-platform-launcher-1.3.1.jar:1.3.1]
	at org.junit.platform.launcher.core.DefaultLauncher.withInterceptedStreams(DefaultLauncher.java:202) ~[junit-platform-launcher-1.3.1.jar:1.3.1]
	at org.junit.platform.launcher.core.DefaultLauncher.execute(DefaultLauncher.java:181) ~[junit-platform-launcher-1.3.1.jar:1.3.1]
	at org.junit.platform.launcher.core.DefaultLauncher.execute(DefaultLauncher.java:128) ~[junit-platform-launcher-1.3.1.jar:1.3.1]
	at org.apache.maven.surefire.junitplatform.JUnitPlatformProvider.invokeAllTests(JUnitPlatformProvider.java:150) ~[surefire-junit-platform-2.22.2.jar:2.22.2]
	at org.apache.maven.surefire.junitplatform.JUnitPlatformProvider.invoke(JUnitPlatformProvider.java:124) ~[surefire-junit-platform-2.22.2.jar:2.22.2]
	at org.apache.maven.surefire.booter.ForkedBooter.invokeProviderInSameClassLoader(ForkedBooter.java:384) ~[surefire-booter-2.22.2.jar:2.22.2]
	at org.apache.maven.surefire.booter.ForkedBooter.runSuitesInProcess(ForkedBooter.java:345) ~[surefire-booter-2.22.2.jar:2.22.2]
	at org.apache.maven.surefire.booter.ForkedBooter.execute(ForkedBooter.java:126) ~[surefire-booter-2.22.2.jar:2.22.2]
	at org.apache.maven.surefire.booter.ForkedBooter.main(ForkedBooter.java:418) ~[surefire-booter-2.22.2.jar:2.22.2]
Caused by: org.springframework.beans.factory.BeanCreationException: Error creating bean with name 'flowableAppEngine': FactoryBean threw exception on object creation; nested exception is org.flowable.common.engine.api.FlowableException: Error initialising dmn data model
	at org.springframework.beans.factory.support.FactoryBeanRegistrySupport.doGetObjectFromFactoryBean(FactoryBeanRegistrySupport.java:176) ~[spring-beans-5.3.22.jar:5.3.22]
	at org.springframework.beans.factory.support.FactoryBeanRegistrySupport.getObjectFromFactoryBean(FactoryBeanRegistrySupport.java:101) ~[spring-beans-5.3.22.jar:5.3.22]
	at org.springframework.beans.factory.support.AbstractBeanFactory.getObjectForBeanInstance(AbstractBeanFactory.java:1884) ~[spring-beans-5.3.22.jar:5.3.22]
	at org.springframework.beans.factory.support.AbstractAutowireCapableBeanFactory.getObjectForBeanInstance(AbstractAutowireCapableBeanFactory.java:1284) ~[spring-beans-5.3.22.jar:5.3.22]
	at org.springframework.beans.factory.support.AbstractBeanFactory.doGetBean(AbstractBeanFactory.java:267) ~[spring-beans-5.3.22.jar:5.3.22]
	at org.springframework.beans.factory.support.AbstractBeanFactory.getBean(AbstractBeanFactory.java:208) ~[spring-beans-5.3.22.jar:5.3.22]
	at org.springframework.beans.factory.config.DependencyDescriptor.resolveCandidate(DependencyDescriptor.java:276) ~[spring-beans-5.3.22.jar:5.3.22]
	at org.springframework.beans.factory.support.DefaultListableBeanFactory.addCandidateEntry(DefaultListableBeanFactory.java:1616) ~[spring-beans-5.3.22.jar:5.3.22]
	at org.springframework.beans.factory.support.DefaultListableBeanFactory.findAutowireCandidates(DefaultListableBeanFactory.java:1573) ~[spring-beans-5.3.22.jar:5.3.22]
	at org.springframework.beans.factory.support.DefaultListableBeanFactory.doResolveDependency(DefaultListableBeanFactory.java:1354) ~[spring-beans-5.3.22.jar:5.3.22]
	at org.springframework.beans.factory.support.DefaultListableBeanFactory.resolveDependency(DefaultListableBeanFactory.java:1311) ~[spring-beans-5.3.22.jar:5.3.22]
	at org.springframework.beans.factory.support.ConstructorResolver.resolveAutowiredArgument(ConstructorResolver.java:887) ~[spring-beans-5.3.22.jar:5.3.22]
	at org.springframework.beans.factory.support.ConstructorResolver.createArgumentArray(ConstructorResolver.java:791) ~[spring-beans-5.3.22.jar:5.3.22]
	... 85 common frames omitted
Caused by: org.flowable.common.engine.api.FlowableException: Error initialising dmn data model
	at org.flowable.dmn.engine.impl.db.DmnDbSchemaManager.initSchema(DmnDbSchemaManager.java:67) ~[flowable-dmn-engine-6.4.1.jar:6.4.1]
	at org.flowable.dmn.engine.impl.db.DmnDbSchemaManager.initSchema(DmnDbSchemaManager.java:48) ~[flowable-dmn-engine-6.4.1.jar:6.4.1]
	at org.flowable.dmn.engine.impl.db.DmnDbSchemaManager.initSchema(DmnDbSchemaManager.java:44) ~[flowable-dmn-engine-6.4.1.jar:6.4.1]
	at org.flowable.dmn.engine.impl.cmd.SchemaOperationsDmnEngineBuild.execute(SchemaOperationsDmnEngineBuild.java:27) ~[flowable-dmn-engine-6.4.1.jar:6.4.1]
	at org.flowable.dmn.engine.impl.cmd.SchemaOperationsDmnEngineBuild.execute(SchemaOperationsDmnEngineBuild.java:23) ~[flowable-dmn-engine-6.4.1.jar:6.4.1]
	at org.flowable.common.engine.impl.interceptor.DefaultCommandInvoker.execute(DefaultCommandInvoker.java:22) ~[flowable-engine-common-6.4.1.jar:6.4.1]
	at org.flowable.common.engine.impl.interceptor.TransactionContextInterceptor.execute(TransactionContextInterceptor.java:53) ~[flowable-engine-common-6.4.1.jar:6.4.1]
	at org.flowable.common.engine.impl.interceptor.CommandContextInterceptor.execute(CommandContextInterceptor.java:71) ~[flowable-engine-common-6.4.1.jar:6.4.1]
	at org.flowable.dmn.spring.SpringTransactionInterceptor$1.doInTransaction(SpringTransactionInterceptor.java:49) ~[flowable-dmn-spring-6.4.1.jar:6.4.1]
	at org.springframework.transaction.support.TransactionTemplate.execute(TransactionTemplate.java:140) ~[spring-tx-5.3.22.jar:5.3.22]
	at org.flowable.dmn.spring.SpringTransactionInterceptor.execute(SpringTransactionInterceptor.java:46) ~[flowable-dmn-spring-6.4.1.jar:6.4.1]
	at org.flowable.common.engine.impl.interceptor.LogInterceptor.execute(LogInterceptor.java:30) ~[flowable-engine-common-6.4.1.jar:6.4.1]
	at org.flowable.common.engine.impl.cfg.CommandExecutorImpl.execute(CommandExecutorImpl.java:56) ~[flowable-engine-common-6.4.1.jar:6.4.1]
	at org.flowable.dmn.engine.impl.DmnEngineImpl.<init>(DmnEngineImpl.java:48) ~[flowable-dmn-engine-6.4.1.jar:6.4.1]
	at org.flowable.dmn.engine.DmnEngineConfiguration.buildDmnEngine(DmnEngineConfiguration.java:217) ~[flowable-dmn-engine-6.4.1.jar:6.4.1]
	at org.flowable.dmn.spring.SpringDmnEngineConfiguration.buildDmnEngine(SpringDmnEngineConfiguration.java:67) ~[flowable-dmn-spring-6.4.1.jar:6.4.1]
	at org.flowable.dmn.spring.configurator.SpringDmnEngineConfigurator.initDmnEngine(SpringDmnEngineConfigurator.java:68) ~[flowable-dmn-spring-configurator-6.4.1.jar:6.4.1]
	at org.flowable.dmn.spring.configurator.SpringDmnEngineConfigurator.configure(SpringDmnEngineConfigurator.java:57) ~[flowable-dmn-spring-configurator-6.4.1.jar:6.4.1]
	at org.flowable.common.engine.impl.AbstractEngineConfiguration.configuratorsAfterInit(AbstractEngineConfiguration.java:887) ~[flowable-engine-common-6.4.1.jar:6.4.1]
	at org.flowable.app.engine.AppEngineConfiguration.init(AppEngineConfiguration.java:222) ~[flowable-app-engine-6.4.1.jar:6.4.1]
	at org.flowable.app.engine.AppEngineConfiguration.buildAppEngine(AppEngineConfiguration.java:180) ~[flowable-app-engine-6.4.1.jar:6.4.1]
	at org.flowable.app.spring.SpringAppEngineConfiguration.buildAppEngine(SpringAppEngineConfiguration.java:61) ~[flowable-app-engine-spring-6.4.1.jar:6.4.1]
	at org.flowable.app.spring.AppEngineFactoryBean.getObject(AppEngineFactoryBean.java:59) ~[flowable-app-engine-spring-6.4.1.jar:6.4.1]
	at org.flowable.app.spring.AppEngineFactoryBean.getObject(AppEngineFactoryBean.java:31) ~[flowable-app-engine-spring-6.4.1.jar:6.4.1]
	at org.springframework.beans.factory.support.FactoryBeanRegistrySupport.doGetObjectFromFactoryBean(FactoryBeanRegistrySupport.java:169) ~[spring-beans-5.3.22.jar:5.3.22]
	... 97 common frames omitted
Caused by: liquibase.exception.LiquibaseException: liquibase.exception.MigrationFailedException: Migration failed for change set org/flowable/dmn/db/liquibase/flowable-dmn-db-changelog.xml::6::flowable:
     Reason: liquibase.exception.DatabaseException: Specified key was too long; max key length is 1000 bytes [Failed SQL: (1071) CREATE UNIQUE INDEX ACT_IDX_DEC_TBL_UNIQ ON flowable.ACT_DMN_DECISION_TABLE(KEY_, VERSION_, TENANT_ID_)]
	at liquibase.changelog.ChangeLogIterator.run(ChangeLogIterator.java:124) ~[liquibase-core-4.5.0.jar:na]
	at liquibase.Liquibase.lambda$null$0(Liquibase.java:265) ~[liquibase-core-4.5.0.jar:na]
	at liquibase.Scope.lambda$child$0(Scope.java:177) ~[liquibase-core-4.5.0.jar:na]
	at liquibase.Scope.child(Scope.java:186) ~[liquibase-core-4.5.0.jar:na]
	at liquibase.Scope.child(Scope.java:176) ~[liquibase-core-4.5.0.jar:na]
	at liquibase.Scope.child(Scope.java:155) ~[liquibase-core-4.5.0.jar:na]
	at liquibase.Scope.child(Scope.java:239) ~[liquibase-core-4.5.0.jar:na]
	at liquibase.Liquibase.lambda$update$1(Liquibase.java:264) ~[liquibase-core-4.5.0.jar:na]
	at liquibase.Scope.lambda$child$0(Scope.java:177) ~[liquibase-core-4.5.0.jar:na]
	at liquibase.Scope.child(Scope.java:186) ~[liquibase-core-4.5.0.jar:na]
	at liquibase.Scope.child(Scope.java:176) ~[liquibase-core-4.5.0.jar:na]
	at liquibase.Scope.child(Scope.java:155) ~[liquibase-core-4.5.0.jar:na]
	at liquibase.Liquibase.runInScope(Liquibase.java:2404) ~[liquibase-core-4.5.0.jar:na]
	at liquibase.Liquibase.update(Liquibase.java:211) ~[liquibase-core-4.5.0.jar:na]
	at liquibase.Liquibase.update(Liquibase.java:197) ~[liquibase-core-4.5.0.jar:na]
	at liquibase.Liquibase.update(Liquibase.java:193) ~[liquibase-core-4.5.0.jar:na]
	at liquibase.Liquibase.update(Liquibase.java:185) ~[liquibase-core-4.5.0.jar:na]
	at org.flowable.dmn.engine.impl.db.DmnDbSchemaManager.initSchema(DmnDbSchemaManager.java:61) ~[flowable-dmn-engine-6.4.1.jar:6.4.1]
	... 121 common frames omitted
Caused by: liquibase.exception.MigrationFailedException: Migration failed for change set org/flowable/dmn/db/liquibase/flowable-dmn-db-changelog.xml::6::flowable:
     Reason: liquibase.exception.DatabaseException: Specified key was too long; max key length is 1000 bytes [Failed SQL: (1071) CREATE UNIQUE INDEX ACT_IDX_DEC_TBL_UNIQ ON flowable.ACT_DMN_DECISION_TABLE(KEY_, VERSION_, TENANT_ID_)]
	at liquibase.changelog.ChangeSet.execute(ChangeSet.java:695) ~[liquibase-core-4.5.0.jar:na]
	at liquibase.changelog.visitor.UpdateVisitor.visit(UpdateVisitor.java:49) ~[liquibase-core-4.5.0.jar:na]
	at liquibase.changelog.ChangeLogIterator$2.lambda$null$0(ChangeLogIterator.java:111) ~[liquibase-core-4.5.0.jar:na]
	at liquibase.Scope.lambda$child$0(Scope.java:177) ~[liquibase-core-4.5.0.jar:na]
	at liquibase.Scope.child(Scope.java:186) ~[liquibase-core-4.5.0.jar:na]
	at liquibase.Scope.child(Scope.java:176) ~[liquibase-core-4.5.0.jar:na]
	at liquibase.Scope.child(Scope.java:155) ~[liquibase-core-4.5.0.jar:na]
	at liquibase.changelog.ChangeLogIterator$2.lambda$run$1(ChangeLogIterator.java:110) ~[liquibase-core-4.5.0.jar:na]
	at liquibase.Scope.lambda$child$0(Scope.java:177) ~[liquibase-core-4.5.0.jar:na]
	at liquibase.Scope.child(Scope.java:186) ~[liquibase-core-4.5.0.jar:na]
	at liquibase.Scope.child(Scope.java:176) ~[liquibase-core-4.5.0.jar:na]
	at liquibase.Scope.child(Scope.java:155) ~[liquibase-core-4.5.0.jar:na]
	at liquibase.Scope.child(Scope.java:239) ~[liquibase-core-4.5.0.jar:na]
	at liquibase.changelog.ChangeLogIterator$2.run(ChangeLogIterator.java:94) ~[liquibase-core-4.5.0.jar:na]
	at liquibase.Scope.lambda$child$0(Scope.java:177) ~[liquibase-core-4.5.0.jar:na]
	at liquibase.Scope.child(Scope.java:186) ~[liquibase-core-4.5.0.jar:na]
	at liquibase.Scope.child(Scope.java:176) ~[liquibase-core-4.5.0.jar:na]
	at liquibase.Scope.child(Scope.java:155) ~[liquibase-core-4.5.0.jar:na]
	at liquibase.Scope.child(Scope.java:239) ~[liquibase-core-4.5.0.jar:na]
	at liquibase.Scope.child(Scope.java:243) ~[liquibase-core-4.5.0.jar:na]
	at liquibase.changelog.ChangeLogIterator.run(ChangeLogIterator.java:66) ~[liquibase-core-4.5.0.jar:na]
	... 138 common frames omitted
Caused by: liquibase.exception.DatabaseException: Specified key was too long; max key length is 1000 bytes [Failed SQL: (1071) CREATE UNIQUE INDEX ACT_IDX_DEC_TBL_UNIQ ON flowable.ACT_DMN_DECISION_TABLE(KEY_, VERSION_, TENANT_ID_)]
	at liquibase.executor.jvm.JdbcExecutor$ExecuteStatementCallback.doInStatement(JdbcExecutor.java:393) ~[liquibase-core-4.5.0.jar:na]
	at liquibase.executor.jvm.JdbcExecutor.execute(JdbcExecutor.java:82) ~[liquibase-core-4.5.0.jar:na]
	at liquibase.executor.jvm.JdbcExecutor.execute(JdbcExecutor.java:150) ~[liquibase-core-4.5.0.jar:na]
	at liquibase.database.AbstractJdbcDatabase.execute(AbstractJdbcDatabase.java:1279) ~[liquibase-core-4.5.0.jar:na]
	at liquibase.database.AbstractJdbcDatabase.executeStatements(AbstractJdbcDatabase.java:1261) ~[liquibase-core-4.5.0.jar:na]
	at liquibase.changelog.ChangeSet.execute(ChangeSet.java:660) ~[liquibase-core-4.5.0.jar:na]
	... 158 common frames omitted
Caused by: java.sql.SQLSyntaxErrorException: Specified key was too long; max key length is 1000 bytes
	at com.mysql.cj.jdbc.exceptions.SQLError.createSQLException(SQLError.java:120) ~[mysql-connector-java-8.0.29.jar:8.0.29]
	at com.mysql.cj.jdbc.exceptions.SQLExceptionsMapping.translateException(SQLExceptionsMapping.java:122) ~[mysql-connector-java-8.0.29.jar:8.0.29]
	at com.mysql.cj.jdbc.StatementImpl.executeInternal(StatementImpl.java:763) ~[mysql-connector-java-8.0.29.jar:8.0.29]
	at com.mysql.cj.jdbc.StatementImpl.execute(StatementImpl.java:648) ~[mysql-connector-java-8.0.29.jar:8.0.29]
	at com.zaxxer.hikari.pool.ProxyStatement.execute(ProxyStatement.java:94) ~[HikariCP-4.0.3.jar:na]
	at com.zaxxer.hikari.pool.HikariProxyStatement.execute(HikariProxyStatement.java) ~[HikariCP-4.0.3.jar:na]
	at liquibase.executor.jvm.JdbcExecutor$ExecuteStatementCallback.doInStatement(JdbcExecutor.java:389) ~[liquibase-core-4.5.0.jar:na]
	... 163 common frames omitted

2022-08-02 15:48:38.515 ERROR 23256 --- [           main] o.s.test.context.TestContextManager      : Caught exception while allowing TestExecutionListener [org.springframework.test.context.web.ServletTestExecutionListener@40499e4f] to prepare test instance [com.twoDB.flowable.FlowTwoDbApplicationTests@62b72289]

java.lang.IllegalStateException: Failed to load ApplicationContext
	at org.springframework.test.context.cache.DefaultCacheAwareContextLoaderDelegate.loadContext(DefaultCacheAwareContextLoaderDelegate.java:132) ~[spring-test-5.3.22.jar:5.3.22]
	at org.springframework.test.context.support.DefaultTestContext.getApplicationContext(DefaultTestContext.java:124) ~[spring-test-5.3.22.jar:5.3.22]
	at org.springframework.test.context.web.ServletTestExecutionListener.setUpRequestContextIfNecessary(ServletTestExecutionListener.java:190) ~[spring-test-5.3.22.jar:5.3.22]
	at org.springframework.test.context.web.ServletTestExecutionListener.prepareTestInstance(ServletTestExecutionListener.java:132) ~[spring-test-5.3.22.jar:5.3.22]
	at org.springframework.test.context.TestContextManager.prepareTestInstance(TestContextManager.java:248) ~[spring-test-5.3.22.jar:5.3.22]
	at org.springframework.test.context.junit.jupiter.SpringExtension.postProcessTestInstance(SpringExtension.java:138) ~[spring-test-5.3.22.jar:5.3.22]
	at org.junit.jupiter.engine.descriptor.ClassBasedTestDescriptor.lambda$invokeTestInstancePostProcessors$8(ClassBasedTestDescriptor.java:363) ~[junit-jupiter-engine-5.8.2.jar:5.8.2]
	at org.junit.jupiter.engine.descriptor.ClassBasedTestDescriptor.executeAndMaskThrowable(ClassBasedTestDescriptor.java:368) ~[junit-jupiter-engine-5.8.2.jar:5.8.2]
	at org.junit.jupiter.engine.descriptor.ClassBasedTestDescriptor.lambda$invokeTestInstancePostProcessors$9(ClassBasedTestDescriptor.java:363) ~[junit-jupiter-engine-5.8.2.jar:5.8.2]
	at java.base/java.util.stream.ReferencePipeline$3$1.accept(ReferencePipeline.java:197) ~[na:na]
	at java.base/java.util.stream.ReferencePipeline$2$1.accept(ReferencePipeline.java:179) ~[na:na]
	at java.base/java.util.ArrayList$ArrayListSpliterator.forEachRemaining(ArrayList.java:1625) ~[na:na]
	at java.base/java.util.stream.AbstractPipeline.copyInto(AbstractPipeline.java:509) ~[na:na]
	at java.base/java.util.stream.AbstractPipeline.wrapAndCopyInto(AbstractPipeline.java:499) ~[na:na]
	at java.base/java.util.stream.StreamSpliterators$WrappingSpliterator.forEachRemaining(StreamSpliterators.java:310) ~[na:na]
	at java.base/java.util.stream.Streams$ConcatSpliterator.forEachRemaining(Streams.java:735) ~[na:na]
	at java.base/java.util.stream.Streams$ConcatSpliterator.forEachRemaining(Streams.java:734) ~[na:na]
	at java.base/java.util.stream.ReferencePipeline$Head.forEach(ReferencePipeline.java:762) ~[na:na]
	at org.junit.jupiter.engine.descriptor.ClassBasedTestDescriptor.invokeTestInstancePostProcessors(ClassBasedTestDescriptor.java:362) ~[junit-jupiter-engine-5.8.2.jar:5.8.2]
	at org.junit.jupiter.engine.descriptor.ClassBasedTestDescriptor.lambda$instantiateAndPostProcessTestInstance$6(ClassBasedTestDescriptor.java:283) ~[junit-jupiter-engine-5.8.2.jar:5.8.2]
	at org.junit.platform.engine.support.hierarchical.ThrowableCollector.execute(ThrowableCollector.java:73) ~[junit-platform-engine-1.8.2.jar:1.8.2]
	at org.junit.jupiter.engine.descriptor.ClassBasedTestDescriptor.instantiateAndPostProcessTestInstance(ClassBasedTestDescriptor.java:282) ~[junit-jupiter-engine-5.8.2.jar:5.8.2]
	at org.junit.jupiter.engine.descriptor.ClassBasedTestDescriptor.lambda$testInstancesProvider$4(ClassBasedTestDescriptor.java:272) ~[junit-jupiter-engine-5.8.2.jar:5.8.2]
	at java.base/java.util.Optional.orElseGet(Optional.java:364) ~[na:na]
	at org.junit.jupiter.engine.descriptor.ClassBasedTestDescriptor.lambda$testInstancesProvider$5(ClassBasedTestDescriptor.java:271) ~[junit-jupiter-engine-5.8.2.jar:5.8.2]
	at org.junit.jupiter.engine.execution.TestInstancesProvider.getTestInstances(TestInstancesProvider.java:31) ~[junit-jupiter-engine-5.8.2.jar:5.8.2]
	at org.junit.jupiter.engine.descriptor.TestMethodTestDescriptor.lambda$prepare$0(TestMethodTestDescriptor.java:102) ~[junit-jupiter-engine-5.8.2.jar:5.8.2]
	at org.junit.platform.engine.support.hierarchical.ThrowableCollector.execute(ThrowableCollector.java:73) ~[junit-platform-engine-1.8.2.jar:1.8.2]
	at org.junit.jupiter.engine.descriptor.TestMethodTestDescriptor.prepare(TestMethodTestDescriptor.java:101) ~[junit-jupiter-engine-5.8.2.jar:5.8.2]
	at org.junit.jupiter.engine.descriptor.TestMethodTestDescriptor.prepare(TestMethodTestDescriptor.java:66) ~[junit-jupiter-engine-5.8.2.jar:5.8.2]
	at org.junit.platform.engine.support.hierarchical.NodeTestTask.lambda$prepare$2(NodeTestTask.java:123) ~[junit-platform-engine-1.8.2.jar:1.8.2]
	at org.junit.platform.engine.support.hierarchical.ThrowableCollector.execute(ThrowableCollector.java:73) ~[junit-platform-engine-1.8.2.jar:1.8.2]
	at org.junit.platform.engine.support.hierarchical.NodeTestTask.prepare(NodeTestTask.java:123) ~[junit-platform-engine-1.8.2.jar:1.8.2]
	at org.junit.platform.engine.support.hierarchical.NodeTestTask.execute(NodeTestTask.java:90) ~[junit-platform-engine-1.8.2.jar:1.8.2]
	at java.base/java.util.ArrayList.forEach(ArrayList.java:1511) ~[na:na]
	at org.junit.platform.engine.support.hierarchical.SameThreadHierarchicalTestExecutorService.invokeAll(SameThreadHierarchicalTestExecutorService.java:41) ~[junit-platform-engine-1.8.2.jar:1.8.2]
	at org.junit.platform.engine.support.hierarchical.NodeTestTask.lambda$executeRecursively$6(NodeTestTask.java:155) ~[junit-platform-engine-1.8.2.jar:1.8.2]
	at org.junit.platform.engine.support.hierarchical.ThrowableCollector.execute(ThrowableCollector.java:73) ~[junit-platform-engine-1.8.2.jar:1.8.2]
	at org.junit.platform.engine.support.hierarchical.NodeTestTask.lambda$executeRecursively$8(NodeTestTask.java:141) ~[junit-platform-engine-1.8.2.jar:1.8.2]
	at org.junit.platform.engine.support.hierarchical.Node.around(Node.java:137) ~[junit-platform-engine-1.8.2.jar:1.8.2]
	at org.junit.platform.engine.support.hierarchical.NodeTestTask.lambda$executeRecursively$9(NodeTestTask.java:139) ~[junit-platform-engine-1.8.2.jar:1.8.2]
	at org.junit.platform.engine.support.hierarchical.ThrowableCollector.execute(ThrowableCollector.java:73) ~[junit-platform-engine-1.8.2.jar:1.8.2]
	at org.junit.platform.engine.support.hierarchical.NodeTestTask.executeRecursively(NodeTestTask.java:138) ~[junit-platform-engine-1.8.2.jar:1.8.2]
	at org.junit.platform.engine.support.hierarchical.NodeTestTask.execute(NodeTestTask.java:95) ~[junit-platform-engine-1.8.2.jar:1.8.2]
	at java.base/java.util.ArrayList.forEach(ArrayList.java:1511) ~[na:na]
	at org.junit.platform.engine.support.hierarchical.SameThreadHierarchicalTestExecutorService.invokeAll(SameThreadHierarchicalTestExecutorService.java:41) ~[junit-platform-engine-1.8.2.jar:1.8.2]
	at org.junit.platform.engine.support.hierarchical.NodeTestTask.lambda$executeRecursively$6(NodeTestTask.java:155) ~[junit-platform-engine-1.8.2.jar:1.8.2]
	at org.junit.platform.engine.support.hierarchical.ThrowableCollector.execute(ThrowableCollector.java:73) ~[junit-platform-engine-1.8.2.jar:1.8.2]
	at org.junit.platform.engine.support.hierarchical.NodeTestTask.lambda$executeRecursively$8(NodeTestTask.java:141) ~[junit-platform-engine-1.8.2.jar:1.8.2]
	at org.junit.platform.engine.support.hierarchical.Node.around(Node.java:137) ~[junit-platform-engine-1.8.2.jar:1.8.2]
	at org.junit.platform.engine.support.hierarchical.NodeTestTask.lambda$executeRecursively$9(NodeTestTask.java:139) ~[junit-platform-engine-1.8.2.jar:1.8.2]
	at org.junit.platform.engine.support.hierarchical.ThrowableCollector.execute(ThrowableCollector.java:73) ~[junit-platform-engine-1.8.2.jar:1.8.2]
	at org.junit.platform.engine.support.hierarchical.NodeTestTask.executeRecursively(NodeTestTask.java:138) ~[junit-platform-engine-1.8.2.jar:1.8.2]
	at org.junit.platform.engine.support.hierarchical.NodeTestTask.execute(NodeTestTask.java:95) ~[junit-platform-engine-1.8.2.jar:1.8.2]
	at org.junit.platform.engine.support.hierarchical.SameThreadHierarchicalTestExecutorService.submit(SameThreadHierarchicalTestExecutorService.java:35) ~[junit-platform-engine-1.8.2.jar:1.8.2]
	at org.junit.platform.engine.support.hierarchical.HierarchicalTestExecutor.execute(HierarchicalTestExecutor.java:57) ~[junit-platform-engine-1.8.2.jar:1.8.2]
	at org.junit.platform.engine.support.hierarchical.HierarchicalTestEngine.execute(HierarchicalTestEngine.java:54) ~[junit-platform-engine-1.8.2.jar:1.8.2]
	at org.junit.platform.launcher.core.DefaultLauncher.execute(DefaultLauncher.java:220) ~[junit-platform-launcher-1.3.1.jar:1.3.1]
	at org.junit.platform.launcher.core.DefaultLauncher.lambda$execute$6(DefaultLauncher.java:188) ~[junit-platform-launcher-1.3.1.jar:1.3.1]
	at org.junit.platform.launcher.core.DefaultLauncher.withInterceptedStreams(DefaultLauncher.java:202) ~[junit-platform-launcher-1.3.1.jar:1.3.1]
	at org.junit.platform.launcher.core.DefaultLauncher.execute(DefaultLauncher.java:181) ~[junit-platform-launcher-1.3.1.jar:1.3.1]
	at org.junit.platform.launcher.core.DefaultLauncher.execute(DefaultLauncher.java:128) ~[junit-platform-launcher-1.3.1.jar:1.3.1]
	at org.apache.maven.surefire.junitplatform.JUnitPlatformProvider.invokeAllTests(JUnitPlatformProvider.java:150) ~[surefire-junit-platform-2.22.2.jar:2.22.2]
	at org.apache.maven.surefire.junitplatform.JUnitPlatformProvider.invoke(JUnitPlatformProvider.java:124) ~[surefire-junit-platform-2.22.2.jar:2.22.2]
	at org.apache.maven.surefire.booter.ForkedBooter.invokeProviderInSameClassLoader(ForkedBooter.java:384) ~[surefire-booter-2.22.2.jar:2.22.2]
	at org.apache.maven.surefire.booter.ForkedBooter.runSuitesInProcess(ForkedBooter.java:345) ~[surefire-booter-2.22.2.jar:2.22.2]
	at org.apache.maven.surefire.booter.ForkedBooter.execute(ForkedBooter.java:126) ~[surefire-booter-2.22.2.jar:2.22.2]
	at org.apache.maven.surefire.booter.ForkedBooter.main(ForkedBooter.java:418) ~[surefire-booter-2.22.2.jar:2.22.2]
Caused by: org.springframework.beans.factory.UnsatisfiedDependencyException: Error creating bean with name 'appRepositoryServiceBean' defined in class path resource [org/flowable/spring/boot/app/AppEngineServicesAutoConfiguration.class]: Unsatisfied dependency expressed through method 'appRepositoryServiceBean' parameter 0; nested exception is org.springframework.beans.factory.BeanCreationException: Error creating bean with name 'flowableAppEngine': FactoryBean threw exception on object creation; nested exception is org.flowable.common.engine.api.FlowableException: Error initialising dmn data model
	at org.springframework.beans.factory.support.ConstructorResolver.createArgumentArray(ConstructorResolver.java:800) ~[spring-beans-5.3.22.jar:5.3.22]
	at org.springframework.beans.factory.support.ConstructorResolver.instantiateUsingFactoryMethod(ConstructorResolver.java:541) ~[spring-beans-5.3.22.jar:5.3.22]
	at org.springframework.beans.factory.support.AbstractAutowireCapableBeanFactory.instantiateUsingFactoryMethod(AbstractAutowireCapableBeanFactory.java:1352) ~[spring-beans-5.3.22.jar:5.3.22]
	at org.springframework.beans.factory.support.AbstractAutowireCapableBeanFactory.createBeanInstance(AbstractAutowireCapableBeanFactory.java:1195) ~[spring-beans-5.3.22.jar:5.3.22]
	at org.springframework.beans.factory.support.AbstractAutowireCapableBeanFactory.doCreateBean(AbstractAutowireCapableBeanFactory.java:582) ~[spring-beans-5.3.22.jar:5.3.22]
	at org.springframework.beans.factory.support.AbstractAutowireCapableBeanFactory.createBean(AbstractAutowireCapableBeanFactory.java:542) ~[spring-beans-5.3.22.jar:5.3.22]
	at org.springframework.beans.factory.support.AbstractBeanFactory.lambda$doGetBean$0(AbstractBeanFactory.java:335) ~[spring-beans-5.3.22.jar:5.3.22]
	at org.springframework.beans.factory.support.DefaultSingletonBeanRegistry.getSingleton(DefaultSingletonBeanRegistry.java:234) ~[spring-beans-5.3.22.jar:5.3.22]
	at org.springframework.beans.factory.support.AbstractBeanFactory.doGetBean(AbstractBeanFactory.java:333) ~[spring-beans-5.3.22.jar:5.3.22]
	at org.springframework.beans.factory.support.AbstractBeanFactory.getBean(AbstractBeanFactory.java:208) ~[spring-beans-5.3.22.jar:5.3.22]
	at org.springframework.beans.factory.support.DefaultListableBeanFactory.preInstantiateSingletons(DefaultListableBeanFactory.java:955) ~[spring-beans-5.3.22.jar:5.3.22]
	at org.springframework.context.support.AbstractApplicationContext.finishBeanFactoryInitialization(AbstractApplicationContext.java:918) ~[spring-context-5.3.22.jar:5.3.22]
	at org.springframework.context.support.AbstractApplicationContext.refresh(AbstractApplicationContext.java:583) ~[spring-context-5.3.22.jar:5.3.22]
	at org.springframework.boot.SpringApplication.refresh(SpringApplication.java:745) ~[spring-boot-2.6.10.jar:2.6.10]
	at org.springframework.boot.SpringApplication.refreshContext(SpringApplication.java:420) ~[spring-boot-2.6.10.jar:2.6.10]
	at org.springframework.boot.SpringApplication.run(SpringApplication.java:307) ~[spring-boot-2.6.10.jar:2.6.10]
	at org.springframework.boot.test.context.SpringBootContextLoader.loadContext(SpringBootContextLoader.java:144) ~[spring-boot-test-2.6.10.jar:2.6.10]
	at org.springframework.test.context.cache.DefaultCacheAwareContextLoaderDelegate.loadContextInternal(DefaultCacheAwareContextLoaderDelegate.java:99) ~[spring-test-5.3.22.jar:5.3.22]
	at org.springframework.test.context.cache.DefaultCacheAwareContextLoaderDelegate.loadContext(DefaultCacheAwareContextLoaderDelegate.java:124) ~[spring-test-5.3.22.jar:5.3.22]
	... 67 common frames omitted
Caused by: org.springframework.beans.factory.BeanCreationException: Error creating bean with name 'flowableAppEngine': FactoryBean threw exception on object creation; nested exception is org.flowable.common.engine.api.FlowableException: Error initialising dmn data model
	at org.springframework.beans.factory.support.FactoryBeanRegistrySupport.doGetObjectFromFactoryBean(FactoryBeanRegistrySupport.java:176) ~[spring-beans-5.3.22.jar:5.3.22]
	at org.springframework.beans.factory.support.FactoryBeanRegistrySupport.getObjectFromFactoryBean(FactoryBeanRegistrySupport.java:101) ~[spring-beans-5.3.22.jar:5.3.22]
	at org.springframework.beans.factory.support.AbstractBeanFactory.getObjectForBeanInstance(AbstractBeanFactory.java:1884) ~[spring-beans-5.3.22.jar:5.3.22]
	at org.springframework.beans.factory.support.AbstractAutowireCapableBeanFactory.getObjectForBeanInstance(AbstractAutowireCapableBeanFactory.java:1284) ~[spring-beans-5.3.22.jar:5.3.22]
	at org.springframework.beans.factory.support.AbstractBeanFactory.doGetBean(AbstractBeanFactory.java:267) ~[spring-beans-5.3.22.jar:5.3.22]
	at org.springframework.beans.factory.support.AbstractBeanFactory.getBean(AbstractBeanFactory.java:208) ~[spring-beans-5.3.22.jar:5.3.22]
	at org.springframework.beans.factory.config.DependencyDescriptor.resolveCandidate(DependencyDescriptor.java:276) ~[spring-beans-5.3.22.jar:5.3.22]
	at org.springframework.beans.factory.support.DefaultListableBeanFactory.addCandidateEntry(DefaultListableBeanFactory.java:1616) ~[spring-beans-5.3.22.jar:5.3.22]
	at org.springframework.beans.factory.support.DefaultListableBeanFactory.findAutowireCandidates(DefaultListableBeanFactory.java:1573) ~[spring-beans-5.3.22.jar:5.3.22]
	at org.springframework.beans.factory.support.DefaultListableBeanFactory.doResolveDependency(DefaultListableBeanFactory.java:1354) ~[spring-beans-5.3.22.jar:5.3.22]
	at org.springframework.beans.factory.support.DefaultListableBeanFactory.resolveDependency(DefaultListableBeanFactory.java:1311) ~[spring-beans-5.3.22.jar:5.3.22]
	at org.springframework.beans.factory.support.ConstructorResolver.resolveAutowiredArgument(ConstructorResolver.java:887) ~[spring-beans-5.3.22.jar:5.3.22]
	at org.springframework.beans.factory.support.ConstructorResolver.createArgumentArray(ConstructorResolver.java:791) ~[spring-beans-5.3.22.jar:5.3.22]
	... 85 common frames omitted
Caused by: org.flowable.common.engine.api.FlowableException: Error initialising dmn data model
	at org.flowable.dmn.engine.impl.db.DmnDbSchemaManager.initSchema(DmnDbSchemaManager.java:67) ~[flowable-dmn-engine-6.4.1.jar:6.4.1]
	at org.flowable.dmn.engine.impl.db.DmnDbSchemaManager.initSchema(DmnDbSchemaManager.java:48) ~[flowable-dmn-engine-6.4.1.jar:6.4.1]
	at org.flowable.dmn.engine.impl.db.DmnDbSchemaManager.initSchema(DmnDbSchemaManager.java:44) ~[flowable-dmn-engine-6.4.1.jar:6.4.1]
	at org.flowable.dmn.engine.impl.cmd.SchemaOperationsDmnEngineBuild.execute(SchemaOperationsDmnEngineBuild.java:27) ~[flowable-dmn-engine-6.4.1.jar:6.4.1]
	at org.flowable.dmn.engine.impl.cmd.SchemaOperationsDmnEngineBuild.execute(SchemaOperationsDmnEngineBuild.java:23) ~[flowable-dmn-engine-6.4.1.jar:6.4.1]
	at org.flowable.common.engine.impl.interceptor.DefaultCommandInvoker.execute(DefaultCommandInvoker.java:22) ~[flowable-engine-common-6.4.1.jar:6.4.1]
	at org.flowable.common.engine.impl.interceptor.TransactionContextInterceptor.execute(TransactionContextInterceptor.java:53) ~[flowable-engine-common-6.4.1.jar:6.4.1]
	at org.flowable.common.engine.impl.interceptor.CommandContextInterceptor.execute(CommandContextInterceptor.java:71) ~[flowable-engine-common-6.4.1.jar:6.4.1]
	at org.flowable.dmn.spring.SpringTransactionInterceptor$1.doInTransaction(SpringTransactionInterceptor.java:49) ~[flowable-dmn-spring-6.4.1.jar:6.4.1]
	at org.springframework.transaction.support.TransactionTemplate.execute(TransactionTemplate.java:140) ~[spring-tx-5.3.22.jar:5.3.22]
	at org.flowable.dmn.spring.SpringTransactionInterceptor.execute(SpringTransactionInterceptor.java:46) ~[flowable-dmn-spring-6.4.1.jar:6.4.1]
	at org.flowable.common.engine.impl.interceptor.LogInterceptor.execute(LogInterceptor.java:30) ~[flowable-engine-common-6.4.1.jar:6.4.1]
	at org.flowable.common.engine.impl.cfg.CommandExecutorImpl.execute(CommandExecutorImpl.java:56) ~[flowable-engine-common-6.4.1.jar:6.4.1]
	at org.flowable.dmn.engine.impl.DmnEngineImpl.<init>(DmnEngineImpl.java:48) ~[flowable-dmn-engine-6.4.1.jar:6.4.1]
	at org.flowable.dmn.engine.DmnEngineConfiguration.buildDmnEngine(DmnEngineConfiguration.java:217) ~[flowable-dmn-engine-6.4.1.jar:6.4.1]
	at org.flowable.dmn.spring.SpringDmnEngineConfiguration.buildDmnEngine(SpringDmnEngineConfiguration.java:67) ~[flowable-dmn-spring-6.4.1.jar:6.4.1]
	at org.flowable.dmn.spring.configurator.SpringDmnEngineConfigurator.initDmnEngine(SpringDmnEngineConfigurator.java:68) ~[flowable-dmn-spring-configurator-6.4.1.jar:6.4.1]
	at org.flowable.dmn.spring.configurator.SpringDmnEngineConfigurator.configure(SpringDmnEngineConfigurator.java:57) ~[flowable-dmn-spring-configurator-6.4.1.jar:6.4.1]
	at org.flowable.common.engine.impl.AbstractEngineConfiguration.configuratorsAfterInit(AbstractEngineConfiguration.java:887) ~[flowable-engine-common-6.4.1.jar:6.4.1]
	at org.flowable.app.engine.AppEngineConfiguration.init(AppEngineConfiguration.java:222) ~[flowable-app-engine-6.4.1.jar:6.4.1]
	at org.flowable.app.engine.AppEngineConfiguration.buildAppEngine(AppEngineConfiguration.java:180) ~[flowable-app-engine-6.4.1.jar:6.4.1]
	at org.flowable.app.spring.SpringAppEngineConfiguration.buildAppEngine(SpringAppEngineConfiguration.java:61) ~[flowable-app-engine-spring-6.4.1.jar:6.4.1]
	at org.flowable.app.spring.AppEngineFactoryBean.getObject(AppEngineFactoryBean.java:59) ~[flowable-app-engine-spring-6.4.1.jar:6.4.1]
	at org.flowable.app.spring.AppEngineFactoryBean.getObject(AppEngineFactoryBean.java:31) ~[flowable-app-engine-spring-6.4.1.jar:6.4.1]
	at org.springframework.beans.factory.support.FactoryBeanRegistrySupport.doGetObjectFromFactoryBean(FactoryBeanRegistrySupport.java:169) ~[spring-beans-5.3.22.jar:5.3.22]
	... 97 common frames omitted
Caused by: liquibase.exception.LiquibaseException: liquibase.exception.MigrationFailedException: Migration failed for change set org/flowable/dmn/db/liquibase/flowable-dmn-db-changelog.xml::6::flowable:
     Reason: liquibase.exception.DatabaseException: Specified key was too long; max key length is 1000 bytes [Failed SQL: (1071) CREATE UNIQUE INDEX ACT_IDX_DEC_TBL_UNIQ ON flowable.ACT_DMN_DECISION_TABLE(KEY_, VERSION_, TENANT_ID_)]
	at liquibase.changelog.ChangeLogIterator.run(ChangeLogIterator.java:124) ~[liquibase-core-4.5.0.jar:na]
	at liquibase.Liquibase.lambda$null$0(Liquibase.java:265) ~[liquibase-core-4.5.0.jar:na]
	at liquibase.Scope.lambda$child$0(Scope.java:177) ~[liquibase-core-4.5.0.jar:na]
	at liquibase.Scope.child(Scope.java:186) ~[liquibase-core-4.5.0.jar:na]
	at liquibase.Scope.child(Scope.java:176) ~[liquibase-core-4.5.0.jar:na]
	at liquibase.Scope.child(Scope.java:155) ~[liquibase-core-4.5.0.jar:na]
	at liquibase.Scope.child(Scope.java:239) ~[liquibase-core-4.5.0.jar:na]
	at liquibase.Liquibase.lambda$update$1(Liquibase.java:264) ~[liquibase-core-4.5.0.jar:na]
	at liquibase.Scope.lambda$child$0(Scope.java:177) ~[liquibase-core-4.5.0.jar:na]
	at liquibase.Scope.child(Scope.java:186) ~[liquibase-core-4.5.0.jar:na]
	at liquibase.Scope.child(Scope.java:176) ~[liquibase-core-4.5.0.jar:na]
	at liquibase.Scope.child(Scope.java:155) ~[liquibase-core-4.5.0.jar:na]
	at liquibase.Liquibase.runInScope(Liquibase.java:2404) ~[liquibase-core-4.5.0.jar:na]
	at liquibase.Liquibase.update(Liquibase.java:211) ~[liquibase-core-4.5.0.jar:na]
	at liquibase.Liquibase.update(Liquibase.java:197) ~[liquibase-core-4.5.0.jar:na]
	at liquibase.Liquibase.update(Liquibase.java:193) ~[liquibase-core-4.5.0.jar:na]
	at liquibase.Liquibase.update(Liquibase.java:185) ~[liquibase-core-4.5.0.jar:na]
	at org.flowable.dmn.engine.impl.db.DmnDbSchemaManager.initSchema(DmnDbSchemaManager.java:61) ~[flowable-dmn-engine-6.4.1.jar:6.4.1]
	... 121 common frames omitted
Caused by: liquibase.exception.MigrationFailedException: Migration failed for change set org/flowable/dmn/db/liquibase/flowable-dmn-db-changelog.xml::6::flowable:
     Reason: liquibase.exception.DatabaseException: Specified key was too long; max key length is 1000 bytes [Failed SQL: (1071) CREATE UNIQUE INDEX ACT_IDX_DEC_TBL_UNIQ ON flowable.ACT_DMN_DECISION_TABLE(KEY_, VERSION_, TENANT_ID_)]
	at liquibase.changelog.ChangeSet.execute(ChangeSet.java:695) ~[liquibase-core-4.5.0.jar:na]
	at liquibase.changelog.visitor.UpdateVisitor.visit(UpdateVisitor.java:49) ~[liquibase-core-4.5.0.jar:na]
	at liquibase.changelog.ChangeLogIterator$2.lambda$null$0(ChangeLogIterator.java:111) ~[liquibase-core-4.5.0.jar:na]
	at liquibase.Scope.lambda$child$0(Scope.java:177) ~[liquibase-core-4.5.0.jar:na]
	at liquibase.Scope.child(Scope.java:186) ~[liquibase-core-4.5.0.jar:na]
	at liquibase.Scope.child(Scope.java:176) ~[liquibase-core-4.5.0.jar:na]
	at liquibase.Scope.child(Scope.java:155) ~[liquibase-core-4.5.0.jar:na]
	at liquibase.changelog.ChangeLogIterator$2.lambda$run$1(ChangeLogIterator.java:110) ~[liquibase-core-4.5.0.jar:na]
	at liquibase.Scope.lambda$child$0(Scope.java:177) ~[liquibase-core-4.5.0.jar:na]
	at liquibase.Scope.child(Scope.java:186) ~[liquibase-core-4.5.0.jar:na]
	at liquibase.Scope.child(Scope.java:176) ~[liquibase-core-4.5.0.jar:na]
	at liquibase.Scope.child(Scope.java:155) ~[liquibase-core-4.5.0.jar:na]
	at liquibase.Scope.child(Scope.java:239) ~[liquibase-core-4.5.0.jar:na]
	at liquibase.changelog.ChangeLogIterator$2.run(ChangeLogIterator.java:94) ~[liquibase-core-4.5.0.jar:na]
	at liquibase.Scope.lambda$child$0(Scope.java:177) ~[liquibase-core-4.5.0.jar:na]
	at liquibase.Scope.child(Scope.java:186) ~[liquibase-core-4.5.0.jar:na]
	at liquibase.Scope.child(Scope.java:176) ~[liquibase-core-4.5.0.jar:na]
	at liquibase.Scope.child(Scope.java:155) ~[liquibase-core-4.5.0.jar:na]
	at liquibase.Scope.child(Scope.java:239) ~[liquibase-core-4.5.0.jar:na]
	at liquibase.Scope.child(Scope.java:243) ~[liquibase-core-4.5.0.jar:na]
	at liquibase.changelog.ChangeLogIterator.run(ChangeLogIterator.java:66) ~[liquibase-core-4.5.0.jar:na]
	... 138 common frames omitted
Caused by: liquibase.exception.DatabaseException: Specified key was too long; max key length is 1000 bytes [Failed SQL: (1071) CREATE UNIQUE INDEX ACT_IDX_DEC_TBL_UNIQ ON flowable.ACT_DMN_DECISION_TABLE(KEY_, VERSION_, TENANT_ID_)]
	at liquibase.executor.jvm.JdbcExecutor$ExecuteStatementCallback.doInStatement(JdbcExecutor.java:393) ~[liquibase-core-4.5.0.jar:na]
	at liquibase.executor.jvm.JdbcExecutor.execute(JdbcExecutor.java:82) ~[liquibase-core-4.5.0.jar:na]
	at liquibase.executor.jvm.JdbcExecutor.execute(JdbcExecutor.java:150) ~[liquibase-core-4.5.0.jar:na]
	at liquibase.database.AbstractJdbcDatabase.execute(AbstractJdbcDatabase.java:1279) ~[liquibase-core-4.5.0.jar:na]
	at liquibase.database.AbstractJdbcDatabase.executeStatements(AbstractJdbcDatabase.java:1261) ~[liquibase-core-4.5.0.jar:na]
	at liquibase.changelog.ChangeSet.execute(ChangeSet.java:660) ~[liquibase-core-4.5.0.jar:na]
	... 158 common frames omitted
Caused by: java.sql.SQLSyntaxErrorException: Specified key was too long; max key length is 1000 bytes
	at com.mysql.cj.jdbc.exceptions.SQLError.createSQLException(SQLError.java:120) ~[mysql-connector-java-8.0.29.jar:8.0.29]
	at com.mysql.cj.jdbc.exceptions.SQLExceptionsMapping.translateException(SQLExceptionsMapping.java:122) ~[mysql-connector-java-8.0.29.jar:8.0.29]
	at com.mysql.cj.jdbc.StatementImpl.executeInternal(StatementImpl.java:763) ~[mysql-connector-java-8.0.29.jar:8.0.29]
	at com.mysql.cj.jdbc.StatementImpl.execute(StatementImpl.java:648) ~[mysql-connector-java-8.0.29.jar:8.0.29]
	at com.zaxxer.hikari.pool.ProxyStatement.execute(ProxyStatement.java:94) ~[HikariCP-4.0.3.jar:na]
	at com.zaxxer.hikari.pool.HikariProxyStatement.execute(HikariProxyStatement.java) ~[HikariCP-4.0.3.jar:na]
	at liquibase.executor.jvm.JdbcExecutor$ExecuteStatementCallback.doInStatement(JdbcExecutor.java:389) ~[liquibase-core-4.5.0.jar:na]
	... 163 common frames omitted

]]></system-out>
  </testcase>
</testsuite>